moleFrac Li+ = 0.0780266
activity Li+ = 0.0780266
xmol(LiCoO2) (initial) = 0.676
  VALUES BEFORE OVERRIDE 
          xLi         xV           OCV         OCV(half_cell)     OCV-corrected    DeltaH   DeltaS    DeltaG
     0.000000       1.000000      22.147061      22.141061     22.147068   3.9240E+08   -5.8510E+06    2.1369E+09 
     0.020000       0.980000       4.487716       4.481716      4.487723   3.9240E+08   -1.3616E+05    4.3300E+08 
     0.040000       0.960000       4.457845       4.451844      4.457852   3.9240E+08   -1.2649E+05    4.3012E+08 
     0.060000       0.940000       4.435353       4.429353      4.435361   3.9240E+08   -1.1921E+05    4.2795E+08 
     0.080000       0.920000       4.415877       4.409876      4.415884   3.9240E+08   -1.1291E+05    4.2607E+08 
     0.100000       0.900000       4.398046       4.392045      4.398053   3.9240E+08   -1.0714E+05    4.2435E+08 
     0.120000       0.880000       4.381251       4.375251      4.381259   3.9240E+08   -1.0170E+05    4.2273E+08 
     0.140000       0.860000       4.365167       4.359167      4.365175   3.9240E+08   -9.6497E+04    4.2117E+08 
     0.160000       0.840000       4.349599       4.343599      4.349606   3.9240E+08   -9.1459E+04    4.1967E+08 
     0.180000       0.820000       4.334421       4.328420      4.334428   3.9240E+08   -8.6547E+04    4.1821E+08 
     0.200000       0.800000       4.319546       4.313546      4.319554   3.9240E+08   -8.1733E+04    4.1677E+08 
     0.220000       0.780000       4.304914       4.298914      4.304922   3.9240E+08   -7.6998E+04    4.1536E+08 
     0.240000       0.760000       4.290478       4.284478      4.290486   3.9240E+08   -7.2326E+04    4.1397E+08 
     0.260000       0.740000       4.276204       4.270204      4.276211   3.9240E+08   -6.7707E+04    4.1259E+08 
     0.280000       0.720000       4.262063       4.256063      4.262070   3.9240E+08   -6.3131E+04    4.1123E+08 
     0.300000       0.700000       4.248034       4.242033      4.248041   3.9240E+08   -5.8591E+04    4.0987E+08 
     0.320000       0.680000       4.234098       4.228098      4.234105   3.9240E+08   -5.4081E+04    4.0853E+08 
     0.340000       0.660000       4.220240       4.214240      4.220248   3.9240E+08   -4.9596E+04    4.0719E+08 
     0.360000       0.640000       4.206448       4.200448      4.206456   3.9240E+08   -4.5133E+04    4.0586E+08 
     0.380000       0.620000       4.192711       4.186710      4.192718   3.9240E+08   -4.0687E+04    4.0454E+08 
     0.400000       0.600000       4.179017       4.173017      4.179025   3.9240E+08   -3.6256E+04    4.0321E+08 
     0.420000       0.580000       4.165360       4.159360      4.165367   3.9240E+08   -3.1836E+04    4.0190E+08 
     0.440000       0.560000       4.151730       4.145730      4.151738   3.9240E+08   -2.7426E+04    4.0058E+08 
     0.460000       0.540000       4.138121       4.132121      4.138128   3.9240E+08   -2.3021E+04    3.9927E+08 
     0.480000       0.520000       4.124525       4.118525      4.124532   3.9240E+08   -1.8622E+04    3.9796E+08 
     0.500000       0.500000       4.110936       4.104935      4.110943   3.9240E+08   -1.4224E+04    3.9664E+08 
     0.520000       0.480000       4.097346       4.091346      4.097353   3.9240E+08   -9.8261E+03    3.9533E+08 
     0.540000       0.460000       4.083750       4.077750      4.083757   3.9240E+08   -5.4263E+03    3.9402E+08 
     0.560000       0.440000       4.070141       4.064140      4.070148   3.9240E+08   -1.0221E+03    3.9271E+08 
     0.580000       0.420000       4.056511       4.050511      4.056518   3.9240E+08    3.3887E+03    3.9139E+08 
     0.600000       0.400000       4.042854       4.036853      4.042861   3.9240E+08    7.8084E+03    3.9008E+08 
     0.620000       0.380000       4.029160       4.023160      4.029168   3.9240E+08    1.2240E+04    3.8875E+08 
     0.640000       0.360000       4.015423       4.009422      4.015430   3.9240E+08    1.6685E+04    3.8743E+08 
     0.660000       0.340000       4.001631       3.995630      4.001638   3.9240E+08    2.1149E+04    3.8610E+08 
     0.680000       0.320000       3.987773       3.981773      3.987780   3.9240E+08    2.5633E+04    3.8476E+08 
     0.700000       0.300000       3.973837       3.967837      3.973845   3.9240E+08    3.0143E+04    3.8342E+08 
     0.720000       0.280000       3.959808       3.953808      3.959815   3.9240E+08    3.4683E+04    3.8206E+08 
     0.740000       0.260000       3.945667       3.939667      3.945674   3.9240E+08    3.9259E+04    3.8070E+08 
     0.760000       0.240000       3.931393       3.925392      3.931400   3.9240E+08    4.3879E+04    3.7932E+08 
     0.780000       0.220000       3.916957       3.910956      3.916964   3.9240E+08    4.8550E+04    3.7793E+08 
     0.800000       0.200000       3.902325       3.896324      3.902332   3.9240E+08    5.3285E+04    3.7652E+08 
     0.820000       0.180000       3.887450       3.881450      3.887458   3.9240E+08    5.8099E+04    3.7508E+08 
     0.840000       0.160000       3.872272       3.866272      3.872279   3.9240E+08    6.3011E+04    3.7362E+08 
     0.860000       0.140000       3.856704       3.850703      3.856711   3.9240E+08    6.8049E+04    3.7212E+08 
     0.880000       0.120000       3.840620       3.834619      3.840627   3.9240E+08    7.3254E+04    3.7056E+08 
     0.900000       0.100000       3.823825       3.817825      3.823833   3.9240E+08    7.8689E+04    3.6894E+08 
     0.920000       0.080000       3.805995       3.799994      3.806002   3.9240E+08    8.4459E+04    3.6722E+08 
     0.940000       0.060000       3.786518       3.780517      3.786525   3.9240E+08    9.0762E+04    3.6534E+08 
     0.960000       0.040000       3.764027       3.758026      3.764034   3.9240E+08    9.8041E+04    3.6317E+08 
     0.980000       0.020000       3.734155       3.728155      3.734162   3.9240E+08    1.0771E+05    3.6029E+08 
     1.000000       0.000000     -13.925190     -13.931190    -13.925183   3.9240E+08    5.8225E+06   -1.3436E+09 
  VALUES USING THE OVERRIDE 
          xV         xLi           OCV         OCV(half_cell)     OCV-corrected
     0.000000       1.000000       4.714129       4.648602      4.714136
     0.020000       0.980000       4.709337       4.643810      4.709344
     0.040000       0.960000       4.703525       4.637998      4.703533
     0.060000       0.940000       4.696519       4.630992      4.696526
     0.080000       0.920000       4.688134       4.622607      4.688141
     0.100000       0.900000       4.678185       4.612658      4.678192
     0.120000       0.880000       4.666500       4.600973      4.666508
     0.140000       0.860000       4.652940       4.587413      4.652947
     0.160000       0.840000       4.637417       4.571890      4.637424
     0.180000       0.820000       4.619919       4.554392      4.619926
     0.200000       0.800000       4.600529       4.535002      4.600536
     0.220000       0.780000       4.579435       4.513909      4.579443
     0.240000       0.760000       4.556927       4.491400      4.556935
     0.260000       0.740000       4.533372       4.467845      4.533379
     0.280000       0.720000       4.509175       4.443648      4.509182
     0.300000       0.700000       4.484725       4.419198      4.484733
     0.320000       0.680000       4.460337       4.394810      4.460344
     0.340000       0.660000       4.436196       4.370669      4.436203
     0.360000       0.640000       4.412324       4.346797      4.412331
     0.380000       0.620000       4.388567       4.323040      4.388574
     0.400000       0.600000       4.364624       4.299097      4.364631
     0.420000       0.580000       4.340127       4.274600      4.340134
     0.440000       0.560000       4.314815       4.249288      4.314822
     0.460000       0.540000       4.288870       4.223344      4.288878
     0.480000       0.520000       4.263496       4.197969      4.263503
     0.500000       0.500000       4.241645       4.176118      4.241652
     0.520000       0.480000       4.220968       4.155441      4.220975
     0.540000       0.460000       4.178138       4.112611      4.178146
     0.560000       0.440000       4.146270       4.080743      4.146277
     0.580000       0.420000       4.084605       4.019078      4.084612
     0.600000       0.400000       4.060592       3.995065      4.060599
     0.620000       0.380000       4.044324       3.978797      4.044331
     0.640000       0.360000       4.024006       3.958479      4.024013
     0.660000       0.340000       4.002495       3.936968      4.002503
     0.680000       0.320000       3.982607       3.917080      3.982614
     0.700000       0.300000       3.965595       3.900068      3.965602
     0.720000       0.280000       3.951705       3.886178      3.951712
     0.740000       0.260000       3.940695       3.875168      3.940702
     0.760000       0.240000       3.932136       3.866609      3.932144
     0.780000       0.220000       3.925572       3.860045      3.925580
     0.800000       0.200000       3.920585       3.855058      3.920592
     0.820000       0.180000       3.916819       3.851292      3.916827
     0.840000       0.160000       3.913990       3.848463      3.913997
     0.860000       0.140000       3.911870       3.846343      3.911877
     0.880000       0.120000       3.910285       3.844758      3.910292
     0.900000       0.100000       3.909099       3.843572      3.909106
     0.920000       0.080000       3.908194       3.842667      3.908202
     0.940000       0.060000       3.907373       3.841846      3.907380
     0.960000       0.040000       3.905657       3.840131      3.905665
     0.980000       0.020000       3.896158       3.830631      3.896165
     1.000000       0.000000       3.828801       3.763274      3.828808
