moleFrac Li+ = 0.0780266
activity Li+ = 0.0780266
xmol(LiCoO2) (initial) = 0.676
  VALUES BEFORE OVERRIDE 
          xV         xLi           OCV         OCV(half_cell)     OCV-corrected    DeltaH   DeltaS    DeltaG
     0.000000       1.000000    -435.714885    -435.720893   -435.714885  -4.3744E+10   -5.7143E+06   -4.2040E+10 
     0.020000       0.980000    -355.008772    -355.014780   -355.008772  -3.4254E+10   -3.2722E+03   -3.4253E+10 
     0.040000       0.960000    -275.485399    -275.491407   -275.485399  -2.6580E+10    2.6624E+03   -2.6580E+10 
     0.060000       0.940000    -211.625900    -211.631908   -211.625900  -2.0417E+10    6.2086E+03   -2.0419E+10 
     0.080000       0.920000    -160.739178    -160.745186   -160.739178  -1.5506E+10    8.7794E+03   -1.5509E+10 
     0.100000       0.900000    -120.525067    -120.531075   -120.525067  -1.1626E+10    1.0817E+04   -1.1629E+10 
     0.120000       0.880000     -89.029582     -89.035590    -89.029582  -8.5863E+09    1.2520E+04   -8.5900E+09 
     0.140000       0.860000     -64.602685     -64.608693    -64.602685  -6.2290E+09    1.3993E+04   -6.2332E+09 
     0.160000       0.840000     -45.859768     -45.865776    -45.859768  -4.4202E+09    1.5299E+04   -4.4248E+09 
     0.180000       0.820000     -31.646805     -31.652812    -31.646805  -3.0485E+09    1.6479E+04   -3.0535E+09 
     0.200000       0.800000     -21.008989     -21.014997    -21.008989  -2.0218E+09    1.7560E+04   -2.0271E+09 
     0.220000       0.780000     -13.162639     -13.168647    -13.162639  -1.2645E+09    1.8563E+04   -1.2700E+09 
     0.240000       0.760000      -7.470127      -7.476135     -7.470127  -7.1494E+08    1.9502E+04   -7.2076E+08 
     0.260000       0.740000      -3.417636      -3.423644     -3.417636  -3.2367E+08    2.0390E+04   -3.2975E+08 
     0.280000       0.720000      -0.595505      -0.601513     -0.595505  -5.1127E+07    2.1233E+04   -5.7457E+07 
     0.300000       0.700000       1.319029       1.313021      1.319029   1.3384E+08    2.2041E+04    1.2727E+08 
     0.320000       0.680000       2.576890       2.570882      2.576890   2.5544E+08    2.2819E+04    2.4863E+08 
     0.340000       0.660000       3.370228       3.364220      3.370228   3.3221E+08    2.3571E+04    3.2518E+08 
     0.360000       0.640000       3.843656       3.837649      3.843656   3.7810E+08    2.4302E+04    3.7086E+08 
     0.380000       0.620000       4.103843       4.097835      4.103843   4.0342E+08    2.5016E+04    3.9596E+08 
     0.400000       0.600000       4.227618       4.221610      4.227618   4.1557E+08    2.5715E+04    4.0790E+08 
     0.420000       0.580000       4.268756       4.262748      4.268756   4.1974E+08    2.6402E+04    4.1187E+08 
     0.440000       0.560000       4.263579       4.257571      4.263579   4.1945E+08    2.7081E+04    4.1137E+08 
     0.460000       0.540000       4.235524       4.229516      4.235524   4.1694E+08    2.7753E+04    4.0867E+08 
     0.480000       0.520000       4.198798       4.192790      4.198798   4.1360E+08    2.8421E+04    4.0512E+08 
     0.500000       0.500000       4.161254       4.155246      4.161254   4.1017E+08    2.9086E+04    4.0150E+08 
     0.520000       0.480000       4.126590       4.120582      4.126590   4.0703E+08    2.9752E+04    3.9816E+08 
     0.540000       0.460000       4.095987       4.089979      4.095987   4.0427E+08    3.0419E+04    3.9520E+08 
     0.560000       0.440000       4.069280       4.063272      4.069280   4.0190E+08    3.1091E+04    3.9263E+08 
     0.580000       0.420000       4.045743       4.039736      4.045743   3.9983E+08    3.1770E+04    3.9035E+08 
     0.600000       0.400000       4.024583       4.018575      4.024583   3.9799E+08    3.2457E+04    3.8831E+08 
     0.620000       0.380000       4.005196       3.999188      4.005196   3.9633E+08    3.3156E+04    3.8644E+08 
     0.640000       0.360000       3.987269       3.981261      3.987269   3.9481E+08    3.3870E+04    3.8471E+08 
     0.660000       0.340000       3.970762       3.964754      3.970762   3.9344E+08    3.4601E+04    3.8312E+08 
     0.680000       0.320000       3.955831       3.949823      3.955831   3.9222E+08    3.5353E+04    3.8168E+08 
     0.700000       0.300000       3.942721       3.936713      3.942721   3.9119E+08    3.6131E+04    3.8041E+08 
     0.720000       0.280000       3.931662       3.925654      3.931662   3.9036E+08    3.6939E+04    3.7935E+08 
     0.740000       0.260000       3.922788       3.916780      3.922788   3.8976E+08    3.7783E+04    3.7849E+08 
     0.760000       0.240000       3.916089       3.910082      3.916089   3.8937E+08    3.8670E+04    3.7785E+08 
     0.780000       0.220000       3.911401       3.905393      3.911401   3.8920E+08    3.9610E+04    3.7739E+08 
     0.800000       0.200000       3.908424       3.902416      3.908424   3.8921E+08    4.0612E+04    3.7711E+08 
     0.820000       0.180000       3.906770       3.900762      3.906770   3.8938E+08    4.1694E+04    3.7695E+08 
     0.840000       0.160000       3.905990       3.899982      3.905990   3.8965E+08    4.2873E+04    3.7687E+08 
     0.860000       0.140000       3.905577       3.899569      3.905577   3.9000E+08    4.4179E+04    3.7683E+08 
     0.880000       0.120000       3.904883       3.898875      3.904883   3.9038E+08    4.5652E+04    3.7676E+08 
     0.900000       0.100000       3.902906       3.896898      3.902906   3.9069E+08    4.7355E+04    3.7657E+08 
     0.920000       0.080000       3.897865       3.891857      3.897865   3.9081E+08    4.9393E+04    3.7609E+08 
     0.940000       0.060000       3.886441       3.880433      3.886441   3.9048E+08    5.1964E+04    3.7498E+08 
     0.960000       0.040000       3.862392       3.856384      3.862392   3.8921E+08    5.5510E+04    3.7266E+08 
     0.980000       0.020000       3.812995       3.806987      3.812995   3.8622E+08    6.1445E+04    3.6790E+08 
     1.000000       0.000000     -13.897477     -13.903485    -13.897477   3.8017E+08    5.7725E+06   -1.3409E+09 
  VALUES USING THE OVERRIDE 
          xV         xLi           OCV         OCV(half_cell)     OCV-corrected
     0.000000       1.000000       4.714136       4.648602      4.714136
     0.020000       0.980000       4.709344       4.643810      4.709344
     0.040000       0.960000       4.703533       4.637998      4.703533
     0.060000       0.940000       4.696526       4.630992      4.696526
     0.080000       0.920000       4.688141       4.622607      4.688141
     0.100000       0.900000       4.678192       4.612658      4.678192
     0.120000       0.880000       4.666508       4.600973      4.666508
     0.140000       0.860000       4.652947       4.587413      4.652947
     0.160000       0.840000       4.637424       4.571890      4.637424
     0.180000       0.820000       4.619926       4.554392      4.619926
     0.200000       0.800000       4.600536       4.535002      4.600536
     0.220000       0.780000       4.579443       4.513909      4.579443
     0.240000       0.760000       4.556935       4.491400      4.556935
     0.260000       0.740000       4.533379       4.467845      4.533379
     0.280000       0.720000       4.509182       4.443648      4.509182
     0.300000       0.700000       4.484733       4.419198      4.484733
     0.320000       0.680000       4.460344       4.394810      4.460344
     0.340000       0.660000       4.436203       4.370669      4.436203
     0.360000       0.640000       4.412331       4.346797      4.412331
     0.380000       0.620000       4.388574       4.323040      4.388574
     0.400000       0.600000       4.364631       4.299097      4.364631
     0.420000       0.580000       4.340134       4.274600      4.340134
     0.440000       0.560000       4.314822       4.249288      4.314822
     0.460000       0.540000       4.288878       4.223344      4.288878
     0.480000       0.520000       4.263503       4.197969      4.263503
     0.500000       0.500000       4.241652       4.176118      4.241652
     0.520000       0.480000       4.220975       4.155441      4.220975
     0.540000       0.460000       4.178146       4.112611      4.178146
     0.560000       0.440000       4.146277       4.080743      4.146277
     0.580000       0.420000       4.084612       4.019078      4.084612
     0.600000       0.400000       4.060599       3.995065      4.060599
     0.620000       0.380000       4.044331       3.978797      4.044331
     0.640000       0.360000       4.024013       3.958479      4.024013
     0.660000       0.340000       4.002503       3.936968      4.002503
     0.680000       0.320000       3.982614       3.917080      3.982614
     0.700000       0.300000       3.965602       3.900068      3.965602
     0.720000       0.280000       3.951712       3.886178      3.951712
     0.740000       0.260000       3.940702       3.875168      3.940702
     0.760000       0.240000       3.932144       3.866609      3.932144
     0.780000       0.220000       3.925580       3.860045      3.925580
     0.800000       0.200000       3.920592       3.855058      3.920592
     0.820000       0.180000       3.916827       3.851292      3.916827
     0.840000       0.160000       3.913997       3.848463      3.913997
     0.860000       0.140000       3.911877       3.846343      3.911877
     0.880000       0.120000       3.910292       3.844758      3.910292
     0.900000       0.100000       3.909106       3.843572      3.909106
     0.920000       0.080000       3.908202       3.842667      3.908202
     0.940000       0.060000       3.907380       3.841846      3.907380
     0.960000       0.040000       3.905665       3.840131      3.905665
     0.980000       0.020000       3.896165       3.830631      3.896165
     1.000000       0.000000       3.828808       3.763274      3.828808
