activity Li+ = 0.0780266
                                 Thermo For Full-Cell Rxn, 1 : Li_C6-bulk <=>  V_C6-bulk + Li(S)
                      - notes = half cell reaction with LiP contribution is equal to the full cell reaction
                             
        xV              xLi OCV_HalfCellPlusLiP OCV_FullCell[1] DeltaH[1]     DeltaS[1]     DeltaG[1]   (DH - T DS)
     0.300000       0.700000      0.1778641      0.1778714,  2.00387E+07,  9.64849E+03,  1.71620E+07   1.71620E+07 
     0.000000       1.000000      0.0591658      0.0591731,  8.58560E+06,  9.64703E+03,  5.70934E+06   5.70934E+06 
     0.020000       0.980000      0.0628614      0.0628687,  8.94224E+06,  9.64726E+03,  6.06591E+06   6.06591E+06 
     0.040000       0.960000      0.0697399      0.0697472,  9.60598E+06,  9.64748E+03,  6.72958E+06   6.72958E+06 
     0.060000       0.940000      0.0810595      0.0810668,  1.06982E+07,  9.64769E+03,  7.82176E+06   7.82176E+06 
     0.080000       0.920000      0.0983315      0.0983389,  1.23648E+07,  9.64788E+03,  9.48826E+06   9.48826E+06 
     0.100000       0.900000      0.1303075      0.1303149,  1.54500E+07,  9.64805E+03,  1.25735E+07   1.25735E+07 
     0.120000       0.880000      0.1587052      0.1587125,  1.81900E+07,  9.64819E+03,  1.53134E+07   1.53134E+07 
     0.140000       0.860000      0.1680075      0.1680148,  1.90876E+07,  9.64832E+03,  1.62110E+07   1.62110E+07 
     0.160000       0.840000      0.1718116      0.1718189,  1.94547E+07,  9.64842E+03,  1.65780E+07   1.65780E+07 
     0.180000       0.820000      0.1738898      0.1738971,  1.96552E+07,  9.64849E+03,  1.67785E+07   1.67785E+07 
     0.200000       0.800000      0.1751859      0.1751932,  1.97803E+07,  9.64853E+03,  1.69036E+07   1.69036E+07 
     0.220000       0.780000      0.1760706      0.1760779,  1.98657E+07,  9.64854E+03,  1.69889E+07   1.69889E+07 
     0.240000       0.760000      0.1767130      0.1767203,  1.99276E+07,  9.64854E+03,  1.70509E+07   1.70509E+07 
     0.260000       0.740000      0.1771969      0.1772042,  1.99743E+07,  9.64852E+03,  1.70976E+07   1.70976E+07 
     0.280000       0.720000      0.1775698      0.1775772,  2.00103E+07,  9.64850E+03,  1.71336E+07   1.71336E+07 
     0.300000       0.700000      0.1778641      0.1778714,  2.00387E+07,  9.64849E+03,  1.71620E+07   1.71620E+07 
     0.320000       0.680000      0.1781043      0.1781116,  2.00619E+07,  9.64853E+03,  1.71852E+07   1.71852E+07 
     0.340000       0.660000      0.1783116      0.1783189,  2.00819E+07,  9.64861E+03,  1.72052E+07   1.72052E+07 
     0.360000       0.640000      0.1785060      0.1785133,  2.01007E+07,  9.64874E+03,  1.72239E+07   1.72239E+07 
     0.380000       0.620000      0.1787118      0.1787191,  2.01206E+07,  9.64881E+03,  1.72438E+07   1.72438E+07 
     0.400000       0.600000      0.1789710      0.1789783,  2.01455E+07,  9.64855E+03,  1.72688E+07   1.72688E+07 
     0.420000       0.580000      0.1793848      0.1793921,  2.01850E+07,  9.64724E+03,  1.73087E+07   1.73087E+07 
     0.440000       0.560000      0.1802361      0.1802434,  2.02662E+07,  9.64411E+03,  1.73908E+07   1.73908E+07 
     0.460000       0.540000      0.1822904      0.1822977,  2.04648E+07,  9.64522E+03,  1.75891E+07   1.75891E+07 
     0.480000       0.520000      0.1870846      0.1870920,  2.09551E+07,  9.73815E+03,  1.80516E+07   1.80516E+07 
     0.500000       0.500000      0.1953696      0.1953769,  2.20216E+07,  1.06342E+04,  1.88510E+07   1.88510E+07 
     0.520000       0.480000      0.2037655      0.2037728,  2.33992E+07,  1.25376E+04,  1.96611E+07   1.96611E+07 
     0.540000       0.460000      0.2088858      0.2088931,  2.41540E+07,  1.34122E+04,  2.01551E+07   2.01551E+07 
     0.560000       0.440000      0.2114575      0.2114648,  2.46950E+07,  1.43947E+04,  2.04033E+07   2.04033E+07 
     0.580000       0.420000      0.2129691      0.2129764,  2.52047E+07,  1.56149E+04,  2.05491E+07   2.05491E+07 
     0.600000       0.400000      0.2141013      0.2141086,  2.55875E+07,  1.65326E+04,  2.06583E+07   2.06583E+07 
     0.620000       0.380000      0.2150087      0.2150160,  2.57474E+07,  1.67753E+04,  2.07459E+07   2.07459E+07 
     0.640000       0.360000      0.2156360      0.2156433,  2.57467E+07,  1.65699E+04,  2.08064E+07   2.08064E+07 
     0.660000       0.340000      0.2159047      0.2159121,  2.56946E+07,  1.63080E+04,  2.08323E+07   2.08323E+07 
     0.680000       0.320000      0.2158882      0.2158955,  2.56607E+07,  1.61997E+04,  2.08308E+07   2.08308E+07 
     0.700000       0.300000      0.2159860      0.2159934,  2.56976E+07,  1.62918E+04,  2.08402E+07   2.08402E+07 
     0.720000       0.280000      0.2169722      0.2169795,  2.58585E+07,  1.65124E+04,  2.09353E+07   2.09353E+07 
     0.740000       0.260000      0.2197766      0.2197840,  2.61572E+07,  1.66068E+04,  2.12059E+07   2.12059E+07 
     0.760000       0.240000      0.2250784      0.2250857,  2.64973E+07,  1.60315E+04,  2.17175E+07   2.17175E+07 
     0.780000       0.220000      0.2330029      0.2330102,  2.67268E+07,  1.42368E+04,  2.24821E+07   2.24821E+07 
     0.800000       0.200000      0.2431171      0.2431244,  2.69011E+07,  1.15483E+04,  2.34579E+07   2.34579E+07 
     0.820000       0.180000      0.2546600      0.2546673,  2.72484E+07,  8.97781E+03,  2.45717E+07   2.45717E+07 
     0.840000       0.160000      0.2669659      0.2669733,  2.78280E+07,  6.93956E+03,  2.57590E+07   2.57590E+07 
     0.860000       0.140000      0.2803864      0.2803937,  2.85872E+07,  5.14293E+03,  2.70539E+07   2.70539E+07 
     0.880000       0.120000      0.2944683      0.2944756,  2.93103E+07,  3.01090E+03,  2.84126E+07   2.84126E+07 
     0.900000       0.100000      0.3010181      0.3010254,  2.89355E+07, -3.65587E+02,  2.90445E+07   2.90445E+07 
     0.920000       0.080000      0.3033257      0.3033330,  2.72493E+07, -6.76817E+03,  2.92672E+07   2.92672E+07 
     0.940000       0.060000      0.3084338      0.3084411,  2.42892E+07, -1.83493E+04,  2.97600E+07   2.97600E+07 
     0.960000       0.040000      0.3245335      0.3245408,  2.41227E+07, -2.41179E+04,  3.13134E+07   3.13134E+07 
     0.980000       0.020000      0.4526757      0.4526830,  4.04354E+07, -1.08734E+04,  4.36773E+07   4.36773E+07 
     1.000000       0.000000      1.8202237      1.8202310,  1.75474E+08, -5.08478E+02,  1.75626E+08   1.75626E+08 
    What's suppose to occur:   The last two columns of the table are suppuse to be equal and 
    The OCV value is suppose to agree with Fig. 8 Mao et al.


         xV              xLi OCV[1] dOCVdT[1] 
     0.000000       1.000000      0.0591731     -0.0999844
     0.020000       0.980000      0.0628687     -0.0999868
     0.040000       0.960000      0.0697472     -0.0999891
     0.060000       0.940000      0.0810668     -0.0999912
     0.080000       0.920000      0.0983389     -0.0999932
     0.100000       0.900000      0.1303149     -0.0999950
     0.120000       0.880000      0.1587125     -0.0999965
     0.140000       0.860000      0.1680148     -0.0999978
     0.160000       0.840000      0.1718189     -0.0999988
     0.180000       0.820000      0.1738971     -0.0999995
     0.200000       0.800000      0.1751932     -0.0999999
     0.220000       0.780000      0.1760779     -0.1000001
     0.240000       0.760000      0.1767203     -0.1000001
     0.260000       0.740000      0.1772042     -0.0999999
     0.280000       0.720000      0.1775772     -0.0999996
     0.300000       0.700000      0.1778714     -0.0999996
     0.320000       0.680000      0.1781116     -0.0999999
     0.340000       0.660000      0.1783189     -0.1000008
     0.360000       0.640000      0.1785133     -0.1000021
     0.380000       0.620000      0.1787191     -0.1000029
     0.400000       0.600000      0.1789783     -0.1000001
     0.420000       0.580000      0.1793921     -0.0999866
     0.440000       0.560000      0.1802434     -0.0999542
     0.460000       0.540000      0.1822977     -0.0999657
     0.480000       0.520000      0.1870920     -0.1009288
     0.500000       0.500000      0.1953769     -0.1102153
     0.520000       0.480000      0.2037728     -0.1299432
     0.540000       0.460000      0.2088931     -0.1390077
     0.560000       0.440000      0.2114648     -0.1491900
     0.580000       0.420000      0.2129764     -0.1618372
     0.600000       0.400000      0.2141086     -0.1713482
     0.620000       0.380000      0.2150160     -0.1738634
     0.640000       0.360000      0.2156433     -0.1717353
     0.660000       0.340000      0.2159121     -0.1690210
     0.680000       0.320000      0.2158955     -0.1678981
     0.700000       0.300000      0.2159934     -0.1688528
     0.720000       0.280000      0.2169795     -0.1711390
     0.740000       0.260000      0.2197840     -0.1721174
     0.760000       0.240000      0.2250857     -0.1661549
     0.780000       0.220000      0.2330102     -0.1475541
     0.800000       0.200000      0.2431244     -0.1196902
     0.820000       0.180000      0.2546673     -0.0930484
     0.840000       0.160000      0.2669733     -0.0719234
     0.860000       0.140000      0.2803937     -0.0533028
     0.880000       0.120000      0.2944756     -0.0312058
     0.900000       0.100000      0.3010254      0.0037890
     0.920000       0.080000      0.3033330      0.0701471
     0.940000       0.060000      0.3084411      0.1901766
     0.960000       0.040000      0.3245408      0.2499640
     0.980000       0.020000      0.4526830      0.1126947
     1.000000       0.000000      1.8202310      0.0052700
  Mole fraction of Li+ = 0.0780266
                                 Thermo For Half-Cell Rxn, Rxn 0: Li_C6-bulk <=>  V_C6-bulk + Li+  + electron_Li_LiIon
        xV              xLi      OCV_FullCell OCV_HalfCell[0]  DeltaH[0]    DeltaS[0]     DeltaG[0]     dgCheck
                                            (with Lip additions)
     0.000000       1.000000       0.059173      -0.006368,    8.585E+06,    3.085E+04,   -6.145E+05   -6.145E+05
     0.020000       0.980000       0.062869      -0.002673,    8.942E+06,    3.086E+04,   -2.579E+05   -2.579E+05
     0.040000       0.960000       0.069747       0.004206,    9.605E+06,    3.086E+04,    4.058E+05    4.058E+05
     0.060000       0.940000       0.081067       0.015525,    1.070E+07,    3.086E+04,    1.498E+06    1.498E+06
     0.080000       0.920000       0.098339       0.032797,    1.236E+07,    3.086E+04,    3.164E+06    3.164E+06
     0.100000       0.900000       0.130315       0.064773,    1.545E+07,    3.086E+04,    6.250E+06    6.250E+06
     0.120000       0.880000       0.158712       0.093171,    1.819E+07,    3.086E+04,    8.990E+06    8.990E+06
     0.140000       0.860000       0.168015       0.102473,    1.909E+07,    3.086E+04,    9.887E+06    9.887E+06
     0.160000       0.840000       0.171819       0.106277,    1.945E+07,    3.086E+04,    1.025E+07    1.025E+07
     0.180000       0.820000       0.173897       0.108356,    1.965E+07,    3.086E+04,    1.045E+07    1.045E+07
     0.200000       0.800000       0.175193       0.109652,    1.978E+07,    3.086E+04,    1.058E+07    1.058E+07
     0.220000       0.780000       0.176078       0.110536,    1.986E+07,    3.086E+04,    1.067E+07    1.067E+07
     0.240000       0.760000       0.176720       0.111179,    1.993E+07,    3.086E+04,    1.073E+07    1.073E+07
     0.260000       0.740000       0.177204       0.111663,    1.997E+07,    3.086E+04,    1.077E+07    1.077E+07
     0.280000       0.720000       0.177577       0.112036,    2.001E+07,    3.086E+04,    1.081E+07    1.081E+07
     0.300000       0.700000       0.177871       0.112330,    2.004E+07,    3.086E+04,    1.084E+07    1.084E+07
     0.320000       0.680000       0.178112       0.112570,    2.006E+07,    3.086E+04,    1.086E+07    1.086E+07
     0.340000       0.660000       0.178319       0.112777,    2.008E+07,    3.086E+04,    1.088E+07    1.088E+07
     0.360000       0.640000       0.178513       0.112972,    2.010E+07,    3.086E+04,    1.090E+07    1.090E+07
     0.380000       0.620000       0.178719       0.113178,    2.012E+07,    3.086E+04,    1.092E+07    1.092E+07
     0.400000       0.600000       0.178978       0.113437,    2.014E+07,    3.086E+04,    1.094E+07    1.094E+07
     0.420000       0.580000       0.179392       0.113851,    2.018E+07,    3.085E+04,    1.098E+07    1.098E+07
     0.440000       0.560000       0.180243       0.114702,    2.027E+07,    3.085E+04,    1.107E+07    1.107E+07
     0.460000       0.540000       0.182298       0.116756,    2.046E+07,    3.085E+04,    1.127E+07    1.127E+07
     0.480000       0.520000       0.187092       0.121550,    2.095E+07,    3.095E+04,    1.173E+07    1.173E+07
     0.500000       0.500000       0.195377       0.129835,    2.202E+07,    3.184E+04,    1.253E+07    1.253E+07
     0.520000       0.480000       0.203773       0.138231,    2.340E+07,    3.375E+04,    1.334E+07    1.334E+07
     0.540000       0.460000       0.208893       0.143352,    2.415E+07,    3.462E+04,    1.383E+07    1.383E+07
     0.560000       0.440000       0.211465       0.145923,    2.469E+07,    3.560E+04,    1.408E+07    1.408E+07
     0.580000       0.420000       0.212976       0.147435,    2.520E+07,    3.682E+04,    1.423E+07    1.423E+07
     0.600000       0.400000       0.214109       0.148567,    2.559E+07,    3.774E+04,    1.433E+07    1.433E+07
     0.620000       0.380000       0.215016       0.149474,    2.575E+07,    3.798E+04,    1.442E+07    1.442E+07
     0.640000       0.360000       0.215643       0.150102,    2.575E+07,    3.778E+04,    1.448E+07    1.448E+07
     0.660000       0.340000       0.215912       0.150371,    2.569E+07,    3.752E+04,    1.451E+07    1.451E+07
     0.680000       0.320000       0.215896       0.150354,    2.566E+07,    3.741E+04,    1.451E+07    1.451E+07
     0.700000       0.300000       0.215993       0.150452,    2.570E+07,    3.750E+04,    1.452E+07    1.452E+07
     0.720000       0.280000       0.216979       0.151438,    2.586E+07,    3.772E+04,    1.461E+07    1.461E+07
     0.740000       0.260000       0.219784       0.154242,    2.616E+07,    3.781E+04,    1.488E+07    1.488E+07
     0.760000       0.240000       0.225086       0.159544,    2.650E+07,    3.724E+04,    1.539E+07    1.539E+07
     0.780000       0.220000       0.233010       0.167469,    2.673E+07,    3.544E+04,    1.616E+07    1.616E+07
     0.800000       0.200000       0.243124       0.177583,    2.690E+07,    3.276E+04,    1.713E+07    1.713E+07
     0.820000       0.180000       0.254667       0.189126,    2.725E+07,    3.019E+04,    1.825E+07    1.825E+07
     0.840000       0.160000       0.266973       0.201432,    2.783E+07,    2.815E+04,    1.944E+07    1.944E+07
     0.860000       0.140000       0.280394       0.214852,    2.859E+07,    2.635E+04,    2.073E+07    2.073E+07
     0.880000       0.120000       0.294476       0.228934,    2.931E+07,    2.422E+04,    2.209E+07    2.209E+07
     0.900000       0.100000       0.301025       0.235484,    2.893E+07,    2.084E+04,    2.272E+07    2.272E+07
     0.920000       0.080000       0.303333       0.237792,    2.725E+07,    1.444E+04,    2.294E+07    2.294E+07
     0.940000       0.060000       0.308441       0.242900,    2.429E+07,    2.858E+03,    2.344E+07    2.344E+07
     0.960000       0.040000       0.324541       0.258999,    2.412E+07,   -2.910E+03,    2.499E+07    2.499E+07
     0.980000       0.020000       0.452683       0.387142,    4.043E+07,    1.033E+04,    3.735E+07    3.735E+07
     1.000000       0.000000       1.820231       1.754689,    1.755E+08,    2.070E+04,    1.693E+08    1.693E+08


 SETTING xLi = 0.80 in the tables below


           DETAILED LOOK AT EACH REACTION 

 Reaction 1
 Species    h(J/kmol)     h0(kJ/gmol)          s        s0        g         g0 
Li-C6      -1.175E+07    1.650E+08    2.749E+04    2.564E+04   -1.994E+07    1.574E+08  
 V-C6      -3.298E+06    0.000E+00    1.338E+04    0.000E+00   -7.288E+06    0.000E+00 
LiMetal     3.277E+02    3.277E+02    2.909E+04    2.909E+04   -8.672E+06   -8.672E+06 
Total       8.449E+06                 1.497E+04                 3.985E+06
Dsp        -1.133E+07                 5.325E+03                -1.292E+07
revTotal    1.978E+07                 9.649E+03                 1.690E+07


 Reaction 0
 Species    h(J/kmol)     h0(kJ/gmol)          s        s0        g       g0   
Li-C6      -1.175E+07    1.650E+08    2.749E+04    2.564E+04   -1.994E+07    1.574E+08  
 V-C6      -3.298E+06    0.000E+00    1.338E+04    0.000E+00   -7.288E+06    0.000E+00 
Li+(l)      0.000E+00    0.000E+00    2.121E+04    2.121E+04   -6.323E+06   -6.323E+06 
Electron   -3.784E+02   -3.784E+02    2.909E+04    2.909E+04   -8.672E+06   -8.672E+06 
Total       8.449E+06                 3.618E+04                -2.339E+06 
Dsp        -1.133E+07                 5.325E+03                -1.292E+07
revTotal    1.978E+07                 3.086E+04                 1.058E+07

Now let's look at a single reaction point:
 phiMetal = 0.109659, phiSoln = -0.1 , Voltage = 0.209659
 icurr = 629.403   icurr2 = 629.403 
      Calculated exchange current density formulation:
            nu = 0.100007
            OCV = 0.109652         -> volts = 0.209659
            io =  91.7574
            beta = 0.5
            nStoich = 1
            resist = 0
            i = 629.403


         xV              xLi OCV[1] dOCVdT[1] 
     0.000000       1.000000      0.0491747     -0.0999844
     0.020000       0.980000      0.0528700     -0.0999868
     0.040000       0.960000      0.0597483     -0.0999891
     0.060000       0.940000      0.0710677     -0.0999912
     0.080000       0.920000      0.0883395     -0.0999932
     0.100000       0.900000      0.1203154     -0.0999950
     0.120000       0.880000      0.1487128     -0.0999965
     0.140000       0.860000      0.1580150     -0.0999978
     0.160000       0.840000      0.1618190     -0.0999988
     0.180000       0.820000      0.1638972     -0.0999995
     0.200000       0.800000      0.1651932     -0.0999999
     0.220000       0.780000      0.1660779     -0.1000001
     0.240000       0.760000      0.1667203     -0.1000001
     0.260000       0.740000      0.1672042     -0.0999999
     0.280000       0.720000      0.1675772     -0.0999996
     0.300000       0.700000      0.1678714     -0.0999996
     0.320000       0.680000      0.1681116     -0.0999999
     0.340000       0.660000      0.1683188     -0.1000008
     0.360000       0.640000      0.1685131     -0.1000021
     0.380000       0.620000      0.1687188     -0.1000029
     0.400000       0.600000      0.1689783     -0.1000001
     0.420000       0.580000      0.1693935     -0.0999866
     0.440000       0.560000      0.1702480     -0.0999542
     0.460000       0.540000      0.1723011     -0.0999657
     0.480000       0.520000      0.1769991     -0.1009288
     0.500000       0.500000      0.1843554     -0.1102153
     0.520000       0.480000      0.1907785     -0.1299432
     0.540000       0.460000      0.1949923     -0.1390077
     0.560000       0.440000      0.1965458     -0.1491900
     0.580000       0.420000      0.1967927     -0.1618372
     0.600000       0.400000      0.1969738     -0.1713482
     0.620000       0.380000      0.1976297     -0.1738634
     0.640000       0.360000      0.1984698     -0.1717353
     0.660000       0.340000      0.1990100     -0.1690210
     0.680000       0.320000      0.1991057     -0.1678981
     0.700000       0.300000      0.1991081     -0.1688528
     0.720000       0.280000      0.1998656     -0.1711390
     0.740000       0.260000      0.2025722     -0.1721174
     0.760000       0.240000      0.2084702     -0.1661549
     0.780000       0.220000      0.2182548     -0.1475541
     0.800000       0.200000      0.2311554     -0.1196902
     0.820000       0.180000      0.2453625     -0.0930484
     0.840000       0.160000      0.2597809     -0.0719234
     0.860000       0.140000      0.2750635     -0.0533028
     0.880000       0.120000      0.2913550     -0.0312058
     0.900000       0.100000      0.3014043      0.0037890
     0.920000       0.080000      0.3103477      0.0701471
     0.940000       0.060000      0.3274588      0.1901766
     0.960000       0.040000      0.3495372      0.2499640
     0.980000       0.020000      0.4639525      0.1126947
     1.000000       0.000000      1.8207580      0.0052700
                                 Thermo For Full-Cell Rxn, 1 (Redo at 398.15 K: Li_C6-bulk <=>  V_C6-bulk + Li(S)
                      - notes = half cell reaction with LiP contribution is equal to the full cell reaction
                             
        xV              xLi OCV_HalfCellPlusLiP OCV_FullCell[1] DeltaH[1]     DeltaS[1]     DeltaG[1]   (DH - T DS)
     0.300000       0.700000      0.1678641      0.1678714,  2.00387E+07,  9.64849E+03,  1.61971E+07   1.61971E+07 
     0.000000       1.000000      0.0491674      0.0491747,  8.58560E+06,  9.64703E+03,  4.74464E+06   4.74464E+06 
     0.020000       0.980000      0.0528627      0.0528700,  8.94224E+06,  9.64726E+03,  5.10118E+06   5.10118E+06 
     0.040000       0.960000      0.0597410      0.0597483,  9.60598E+06,  9.64748E+03,  5.76483E+06   5.76483E+06 
     0.060000       0.940000      0.0710604      0.0710677,  1.06982E+07,  9.64769E+03,  6.85699E+06   6.85699E+06 
     0.080000       0.920000      0.0883322      0.0883395,  1.23648E+07,  9.64788E+03,  8.52347E+06   8.52347E+06 
     0.100000       0.900000      0.1203080      0.1203154,  1.54500E+07,  9.64805E+03,  1.16087E+07   1.16087E+07 
     0.120000       0.880000      0.1487055      0.1487128,  1.81900E+07,  9.64819E+03,  1.43486E+07   1.43486E+07 
     0.140000       0.860000      0.1580077      0.1580150,  1.90876E+07,  9.64832E+03,  1.52461E+07   1.52461E+07 
     0.160000       0.840000      0.1618117      0.1618190,  1.94547E+07,  9.64842E+03,  1.56132E+07   1.56132E+07 
     0.180000       0.820000      0.1638899      0.1638972,  1.96552E+07,  9.64849E+03,  1.58137E+07   1.58137E+07 
     0.200000       0.800000      0.1651859      0.1651932,  1.97803E+07,  9.64853E+03,  1.59387E+07   1.59387E+07 
     0.220000       0.780000      0.1660706      0.1660779,  1.98657E+07,  9.64854E+03,  1.60241E+07   1.60241E+07 
     0.240000       0.760000      0.1667130      0.1667203,  1.99276E+07,  9.64854E+03,  1.60861E+07   1.60861E+07 
     0.260000       0.740000      0.1671969      0.1672042,  1.99743E+07,  9.64852E+03,  1.61328E+07   1.61328E+07 
     0.280000       0.720000      0.1675699      0.1675772,  2.00103E+07,  9.64850E+03,  1.61687E+07   1.61687E+07 
     0.300000       0.700000      0.1678641      0.1678714,  2.00387E+07,  9.64849E+03,  1.61971E+07   1.61971E+07 
     0.320000       0.680000      0.1681043      0.1681116,  2.00619E+07,  9.64853E+03,  1.62203E+07   1.62203E+07 
     0.340000       0.660000      0.1683115      0.1683188,  2.00819E+07,  9.64861E+03,  1.62403E+07   1.62403E+07 
     0.360000       0.640000      0.1685058      0.1685131,  2.01007E+07,  9.64874E+03,  1.62590E+07   1.62590E+07 
     0.380000       0.620000      0.1687115      0.1687188,  2.01206E+07,  9.64881E+03,  1.62789E+07   1.62789E+07 
     0.400000       0.600000      0.1689710      0.1689783,  2.01455E+07,  9.64855E+03,  1.63039E+07   1.63039E+07 
     0.420000       0.580000      0.1693862      0.1693935,  2.01850E+07,  9.64724E+03,  1.63440E+07   1.63440E+07 
     0.440000       0.560000      0.1702407      0.1702480,  2.02662E+07,  9.64411E+03,  1.64264E+07   1.64264E+07 
     0.460000       0.540000      0.1722938      0.1723011,  2.04648E+07,  9.64522E+03,  1.66245E+07   1.66245E+07 
     0.480000       0.520000      0.1769918      0.1769991,  2.09551E+07,  9.73815E+03,  1.70778E+07   1.70778E+07 
     0.500000       0.500000      0.1843481      0.1843554,  2.20216E+07,  1.06342E+04,  1.77876E+07   1.77876E+07 
     0.520000       0.480000      0.1907712      0.1907785,  2.33992E+07,  1.25376E+04,  1.84073E+07   1.84073E+07 
     0.540000       0.460000      0.1949850      0.1949923,  2.41540E+07,  1.34122E+04,  1.88139E+07   1.88139E+07 
     0.560000       0.440000      0.1965385      0.1965458,  2.46950E+07,  1.43947E+04,  1.89638E+07   1.89638E+07 
     0.580000       0.420000      0.1967854      0.1967927,  2.52047E+07,  1.56149E+04,  1.89876E+07   1.89876E+07 
     0.600000       0.400000      0.1969665      0.1969738,  2.55875E+07,  1.65326E+04,  1.90051E+07   1.90051E+07 
     0.620000       0.380000      0.1976223      0.1976297,  2.57474E+07,  1.67753E+04,  1.90684E+07   1.90684E+07 
     0.640000       0.360000      0.1984625      0.1984698,  2.57467E+07,  1.65699E+04,  1.91494E+07   1.91494E+07 
     0.660000       0.340000      0.1990027      0.1990100,  2.56946E+07,  1.63080E+04,  1.92015E+07   1.92015E+07 
     0.680000       0.320000      0.1990984      0.1991057,  2.56607E+07,  1.61997E+04,  1.92108E+07   1.92108E+07 
     0.700000       0.300000      0.1991008      0.1991081,  2.56976E+07,  1.62918E+04,  1.92110E+07   1.92110E+07 
     0.720000       0.280000      0.1998583      0.1998656,  2.58585E+07,  1.65124E+04,  1.92841E+07   1.92841E+07 
     0.740000       0.260000      0.2025649      0.2025722,  2.61572E+07,  1.66068E+04,  1.95452E+07   1.95452E+07 
     0.760000       0.240000      0.2084629      0.2084702,  2.64973E+07,  1.60315E+04,  2.01143E+07   2.01143E+07 
     0.780000       0.220000      0.2182475      0.2182548,  2.67268E+07,  1.42368E+04,  2.10584E+07   2.10584E+07 
     0.800000       0.200000      0.2311481      0.2311554,  2.69011E+07,  1.15483E+04,  2.23031E+07   2.23031E+07 
     0.820000       0.180000      0.2453551      0.2453625,  2.72484E+07,  8.97781E+03,  2.36739E+07   2.36739E+07 
     0.840000       0.160000      0.2597736      0.2597809,  2.78280E+07,  6.93956E+03,  2.50650E+07   2.50650E+07 
     0.860000       0.140000      0.2750561      0.2750635,  2.85872E+07,  5.14293E+03,  2.65396E+07   2.65396E+07 
     0.880000       0.120000      0.2913477      0.2913550,  2.93103E+07,  3.01090E+03,  2.81115E+07   2.81115E+07 
     0.900000       0.100000      0.3013970      0.3014043,  2.89355E+07, -3.65587E+02,  2.90811E+07   2.90811E+07 
     0.920000       0.080000      0.3103404      0.3103477,  2.72493E+07, -6.76817E+03,  2.99440E+07   2.99440E+07 
     0.940000       0.060000      0.3274515      0.3274588,  2.42892E+07, -1.83493E+04,  3.15950E+07   3.15950E+07 
     0.960000       0.040000      0.3495299      0.3495372,  2.41227E+07, -2.41179E+04,  3.37252E+07   3.37252E+07 
     0.980000       0.020000      0.4639452      0.4639525,  4.04354E+07, -1.08734E+04,  4.47646E+07   4.47646E+07 
     1.000000       0.000000      1.8207507      1.8207580,  1.75474E+08, -5.08478E+02,  1.75676E+08   1.75676E+08 
