mcmb name = MCMB_Interstitials_anode
dg[0] = -1.70478e+09 for xLi = 0.676
dg[1] = 7.62788e+06 for xLi = 0.676
ocv = 0.0790574
activity Li+ = 0.0780266
                                 Thermo For Full-Cell Rxn, 1 : Li_C6-bulk <=>  V_C6-bulk + Li(S)
Fig 3 Karthikeyan Sikha and White
        xV              xLi OCV_HalfCellPlusLiP OCV_FullCell[1] DeltaH[1]     DeltaS[1]     DeltaG[1]   (DH - T DS)
     0.000000       1.000000     -67.082638     -67.082631,   -4.759E+09,    5.747E+06,   -6.472E+09    -6.472E+09 
     0.020000       0.980000     -30.126546     -30.126539,   -2.896E+09,    3.581E+04,   -2.907E+09    -2.907E+09 
     0.040000       0.960000     -17.800452     -17.800445,   -1.709E+09,    2.987E+04,   -1.717E+09    -1.717E+09 
     0.060000       0.940000     -10.151174     -10.151166,   -9.716E+08,    2.632E+04,   -9.794E+08    -9.794E+08 
     0.080000       0.920000      -5.546877      -5.546870,   -5.281E+08,    2.375E+04,   -5.352E+08    -5.352E+08 
     0.100000       0.900000      -2.872942      -2.872934,   -2.707E+08,    2.172E+04,   -2.772E+08    -2.772E+08 
     0.120000       0.880000      -1.384844      -1.384837,   -1.276E+08,    2.001E+04,   -1.336E+08    -1.336E+08 
     0.140000       0.860000      -0.598453      -0.598445,   -5.221E+07,    1.854E+04,   -5.774E+07    -5.774E+07 
     0.160000       0.840000      -0.208836      -0.208828,   -1.501E+07,    1.723E+04,   -2.015E+07    -2.015E+07 
     0.180000       0.820000      -0.031182      -0.031175,    1.779E+06,    1.605E+04,   -3.008E+06    -3.008E+06 
     0.200000       0.800000       0.041295       0.041303,    8.449E+06,    1.497E+04,    3.985E+06     3.985E+06 
     0.220000       0.780000       0.066624       0.066632,    1.059E+07,    1.397E+04,    6.429E+06     6.429E+06 
     0.240000       0.760000       0.073805       0.073812,    1.101E+07,    1.303E+04,    7.122E+06     7.122E+06 
     0.260000       0.740000       0.075636       0.075643,    1.092E+07,    1.214E+04,    7.298E+06     7.298E+06 
     0.280000       0.720000       0.076669       0.076677,    1.077E+07,    1.130E+04,    7.398E+06     7.398E+06 
     0.300000       0.700000       0.077833       0.077840,    1.064E+07,    1.049E+04,    7.510E+06     7.510E+06 
     0.320000       0.680000       0.078884       0.078892,    1.051E+07,    9.714E+03,    7.612E+06     7.612E+06 
     0.340000       0.660000       0.079524       0.079531,    1.035E+07,    8.962E+03,    7.674E+06     7.674E+06 
     0.360000       0.640000       0.079750       0.079757,    1.015E+07,    8.231E+03,    7.695E+06     7.695E+06 
     0.380000       0.620000       0.079839       0.079846,    9.945E+06,    7.517E+03,    7.704E+06     7.704E+06 
     0.400000       0.600000       0.080190       0.080198,    9.771E+06,    6.818E+03,    7.738E+06     7.738E+06 
     0.420000       0.580000       0.081169       0.081176,    9.660E+06,    6.131E+03,    7.832E+06     7.832E+06 
     0.440000       0.560000       0.083000       0.083007,    9.635E+06,    5.452E+03,    8.009E+06     8.009E+06 
     0.460000       0.540000       0.085735       0.085742,    9.698E+06,    4.780E+03,    8.273E+06     8.273E+06 
     0.480000       0.520000       0.089271       0.089278,    9.840E+06,    4.113E+03,    8.614E+06     8.614E+06 
     0.500000       0.500000       0.093401       0.093409,    1.004E+07,    3.447E+03,    9.013E+06     9.013E+06 
     0.520000       0.480000       0.097872       0.097879,    1.027E+07,    2.782E+03,    9.444E+06     9.444E+06 
     0.540000       0.460000       0.102429       0.102437,    1.051E+07,    2.114E+03,    9.884E+06     9.884E+06 
     0.560000       0.440000       0.106846       0.106853,    1.074E+07,    1.442E+03,    1.031E+07     1.031E+07 
     0.580000       0.420000       0.110928       0.110935,    1.093E+07,    7.635E+02,    1.070E+07     1.070E+07 
     0.600000       0.400000       0.114509       0.114516,    1.107E+07,    7.594E+01,    1.105E+07     1.105E+07 
     0.620000       0.380000       0.117447       0.117455,    1.115E+07,   -6.232E+02,    1.133E+07     1.133E+07 
     0.640000       0.360000       0.119634       0.119641,    1.115E+07,   -1.337E+03,    1.154E+07     1.154E+07 
     0.660000       0.340000       0.121019       0.121027,    1.106E+07,   -2.068E+03,    1.168E+07     1.168E+07 
     0.680000       0.320000       0.121666       0.121673,    1.090E+07,   -2.820E+03,    1.174E+07     1.174E+07 
     0.700000       0.300000       0.121806       0.121814,    1.068E+07,   -3.598E+03,    1.175E+07     1.175E+07 
     0.720000       0.280000       0.121898       0.121905,    1.045E+07,   -4.406E+03,    1.176E+07     1.176E+07 
     0.740000       0.260000       0.122631       0.122639,    1.027E+07,   -5.249E+03,    1.183E+07     1.183E+07 
     0.760000       0.240000       0.124879       0.124886,    1.022E+07,   -6.137E+03,    1.205E+07     1.205E+07 
     0.780000       0.220000       0.129534       0.129541,    1.039E+07,   -7.076E+03,    1.250E+07     1.250E+07 
     0.800000       0.200000       0.137252       0.137259,    1.083E+07,   -8.079E+03,    1.324E+07     1.324E+07 
     0.820000       0.180000       0.148113       0.148120,    1.156E+07,   -9.160E+03,    1.429E+07     1.429E+07 
     0.840000       0.160000       0.161299       0.161306,    1.248E+07,   -1.034E+04,    1.556E+07     1.556E+07 
     0.860000       0.140000       0.174977       0.174984,    1.341E+07,   -1.165E+04,    1.688E+07     1.688E+07 
     0.880000       0.120000       0.186700       0.186708,    1.410E+07,   -1.312E+04,    1.801E+07     1.801E+07 
     0.900000       0.100000       0.194832       0.194840,    1.438E+07,   -1.482E+04,    1.880E+07     1.880E+07 
     0.920000       0.080000       0.201736       0.201743,    1.444E+07,   -1.686E+04,    1.947E+07     1.947E+07 
     0.940000       0.060000       0.219801       0.219808,    1.542E+07,   -1.943E+04,    2.121E+07     2.121E+07 
     0.960000       0.040000       0.281936       0.281943,    2.035E+07,   -2.298E+04,    2.720E+07     2.720E+07 
     0.980000       0.020000       0.459795       0.459802,    3.574E+07,   -2.891E+04,    4.436E+07     4.436E+07 
     1.000000       0.000000      18.502859      18.502866,    7.388E+07,   -5.740E+06,    1.785E+09     1.785E+09 
  Analysis of the reaction as experienced at the start of the calculation
  Mole fraction of Li+ = 0.0780266
activity Li+ = 0.0780266
                                 Thermo For Half-Cell Rxn, Rxn 0: Li_C6-bulk <=>  V_C6-bulk + Li+  + electron_Li_LiIon
        xV              xLi      OCV_FullCell OCV_HalfCell[0]  DeltaH[0]    DeltaS[0]     DeltaG[0]     dgCheck
     0.000000       1.000000     -67.082631     -67.148172,   -4.759E+09,    5.768E+06,   -6.479E+09   -6.479E+09
     0.020000       0.980000     -30.126539     -30.192081,   -2.896E+09,    5.701E+04,   -2.913E+09   -2.913E+09
     0.040000       0.960000     -17.800445     -17.865986,   -1.709E+09,    5.108E+04,   -1.724E+09   -1.724E+09
     0.060000       0.940000     -10.151166     -10.216708,   -9.716E+08,    4.753E+04,   -9.858E+08   -9.858E+08
     0.080000       0.920000      -5.546870      -5.612412,   -5.281E+08,    4.496E+04,   -5.415E+08   -5.415E+08
     0.100000       0.900000      -2.872934      -2.938476,   -2.707E+08,    4.292E+04,   -2.835E+08   -2.835E+08
     0.120000       0.880000      -1.384837      -1.450379,   -1.277E+08,    4.122E+04,   -1.399E+08   -1.399E+08
     0.140000       0.860000      -0.598445      -0.663987,   -5.221E+07,    3.975E+04,   -6.407E+07   -6.407E+07
     0.160000       0.840000      -0.208828      -0.274370,   -1.501E+07,    3.844E+04,   -2.647E+07   -2.647E+07
     0.180000       0.820000      -0.031175      -0.096717,    1.778E+06,    3.726E+04,   -9.332E+06   -9.332E+06
     0.200000       0.800000       0.041303      -0.024239,    8.449E+06,    3.618E+04,   -2.339E+06   -2.339E+06
     0.220000       0.780000       0.066632       0.001090,    1.059E+07,    3.518E+04,    1.052E+05    1.052E+05
     0.240000       0.760000       0.073812       0.008270,    1.101E+07,    3.424E+04,    7.980E+05    7.980E+05
     0.260000       0.740000       0.075643       0.010102,    1.092E+07,    3.335E+04,    9.747E+05    9.747E+05
     0.280000       0.720000       0.076677       0.011135,    1.077E+07,    3.251E+04,    1.074E+06    1.074E+06
     0.300000       0.700000       0.077840       0.012299,    1.064E+07,    3.170E+04,    1.187E+06    1.187E+06
     0.320000       0.680000       0.078892       0.013350,    1.051E+07,    3.092E+04,    1.288E+06    1.288E+06
     0.340000       0.660000       0.079531       0.013990,    1.034E+07,    3.017E+04,    1.350E+06    1.350E+06
     0.360000       0.640000       0.079757       0.014216,    1.015E+07,    2.944E+04,    1.372E+06    1.372E+06
     0.380000       0.620000       0.079846       0.014305,    9.945E+06,    2.873E+04,    1.380E+06    1.380E+06
     0.400000       0.600000       0.080198       0.014656,    9.770E+06,    2.803E+04,    1.414E+06    1.414E+06
     0.420000       0.580000       0.081176       0.015635,    9.660E+06,    2.734E+04,    1.509E+06    1.509E+06
     0.440000       0.560000       0.083007       0.017466,    9.634E+06,    2.666E+04,    1.685E+06    1.685E+06
     0.460000       0.540000       0.085742       0.020201,    9.697E+06,    2.599E+04,    1.949E+06    1.949E+06
     0.480000       0.520000       0.089278       0.023737,    9.840E+06,    2.532E+04,    2.290E+06    2.290E+06
     0.500000       0.500000       0.093409       0.027867,    1.004E+07,    2.465E+04,    2.689E+06    2.689E+06
     0.520000       0.480000       0.097879       0.032338,    1.027E+07,    2.399E+04,    3.120E+06    3.120E+06
     0.540000       0.460000       0.102437       0.036895,    1.051E+07,    2.332E+04,    3.560E+06    3.560E+06
     0.560000       0.440000       0.106853       0.041312,    1.074E+07,    2.265E+04,    3.986E+06    3.986E+06
     0.580000       0.420000       0.110935       0.045394,    1.093E+07,    2.197E+04,    4.380E+06    4.380E+06
     0.600000       0.400000       0.114516       0.048975,    1.107E+07,    2.128E+04,    4.725E+06    4.725E+06
     0.620000       0.380000       0.117455       0.051913,    1.115E+07,    2.058E+04,    5.009E+06    5.009E+06
     0.640000       0.360000       0.119641       0.054100,    1.114E+07,    1.987E+04,    5.220E+06    5.220E+06
     0.660000       0.340000       0.121027       0.055485,    1.106E+07,    1.914E+04,    5.353E+06    5.353E+06
     0.680000       0.320000       0.121673       0.056132,    1.090E+07,    1.839E+04,    5.416E+06    5.416E+06
     0.700000       0.300000       0.121814       0.056272,    1.068E+07,    1.761E+04,    5.429E+06    5.429E+06
     0.720000       0.280000       0.121905       0.056363,    1.045E+07,    1.680E+04,    5.438E+06    5.438E+06
     0.740000       0.260000       0.122639       0.057097,    1.027E+07,    1.596E+04,    5.509E+06    5.509E+06
     0.760000       0.240000       0.124886       0.059345,    1.022E+07,    1.507E+04,    5.726E+06    5.726E+06
     0.780000       0.220000       0.129541       0.064000,    1.039E+07,    1.413E+04,    6.175E+06    6.175E+06
     0.800000       0.200000       0.137259       0.071718,    1.083E+07,    1.313E+04,    6.920E+06    6.920E+06
     0.820000       0.180000       0.148120       0.082579,    1.156E+07,    1.205E+04,    7.968E+06    7.968E+06
     0.840000       0.160000       0.161306       0.095765,    1.248E+07,    1.087E+04,    9.240E+06    9.240E+06
     0.860000       0.140000       0.174984       0.109443,    1.341E+07,    9.562E+03,    1.056E+07    1.056E+07
     0.880000       0.120000       0.186708       0.121166,    1.410E+07,    8.089E+03,    1.169E+07    1.169E+07
     0.900000       0.100000       0.194840       0.129298,    1.438E+07,    6.386E+03,    1.248E+07    1.248E+07
     0.920000       0.080000       0.201743       0.136201,    1.444E+07,    4.348E+03,    1.314E+07    1.314E+07
     0.940000       0.060000       0.219808       0.154267,    1.541E+07,    1.777E+03,    1.488E+07    1.488E+07
     0.960000       0.040000       0.281943       0.216402,    2.035E+07,   -1.769E+03,    2.088E+07    2.088E+07
     0.980000       0.020000       0.459802       0.394261,    3.574E+07,   -7.703E+03,    3.804E+07    3.804E+07
     1.000000       0.000000      18.502866      18.437325,    7.388E+07,   -5.719E+06,    1.779E+09    1.779E+09


 SETTING xLi = 0.80 in the tables below

 Reaction 1
 Species    h(J/kmol)     h0(kJ/gmol)          s        s0        g          
Li-C6      -1.175E+07    1.650E+08    2.749E+04    2.564E+04   -1.994E+07    1.574E+08  
 V-C6      -3.298E+06    0.000E+00    1.338E+04    0.000E+00   -7.288E+06    0.000E+00 
LiMetal     3.277E+02    3.277E+02    2.909E+04    2.909E+04   -8.672E+06   -8.672E+06 
Total       8.449E+06                 1.497E+04                 3.985E+06


 Reaction 0
 Species    h(J/kmol)     h0(kJ/gmol)          s        s0        g       g0   
Li-C6      -1.175E+07    1.650E+08    2.749E+04    2.564E+04   -1.994E+07    1.574E+08  
 V-C6      -3.298E+06    0.000E+00    1.338E+04    0.000E+00   -7.288E+06    0.000E+00 
Li+(l)      0.000E+00    0.000E+00    2.121E+04    2.121E+04   -6.323E+06   -6.323E+06 
Electron   -3.820E+02   -3.820E+02    2.909E+04    2.909E+04   -8.672E+06   -8.672E+06 
Total       8.449E+06                 3.618E+04                -2.339E+06 
 icurr = 27.3122   icurr2 = 27.3122 
 nu = 0.0076196
 OCV = -0.0242388
icurrRxnCell = 65.5513 amps / m2
-TdeltaS = -1.07874e+07 Joule / kmol 
Cell source term = -7.32888e-08 J / m2
volts = -0.0166192 
iVterm = -1.08941e-08
ndeltaHterm = -5.74e-08
ndeltaHphiterm = -6.82941e-08
ndeltaGterm = 1.58888e-08
ndeltaGphiterm = 4.99475e-09
